<?xml version="1.0" encoding="UTF-8"?>
<!-- Generated by org.testng.reporters.JUnitReportReporter -->
<testsuite hostname="Aman" failures="0" tests="2" name="GoogleTests.AccessGoogle" time="4.224" errors="0" timestamp="2024-02-09T16:39:42 IST" skipped="0">
  <testcase classname="GoogleTests.AccessGoogle" name="openGoogle" time="4.172"/>
  <testcase classname="GoogleTests.AccessGoogle" name="searchType" time="0.052"/>
</testsuite> <!-- GoogleTests.AccessGoogle -->
