<?xml version="1.0" encoding="UTF-8"?>
<!-- Generated by org.testng.reporters.JUnitReportReporter -->
<testsuite hostname="Aman" failures="0" tests="2" name="NaveenAutomationLab.AccessNAL" time="1.822" errors="0" timestamp="2024-02-09T15:42:39 IST" skipped="0">
  <testcase classname="NaveenAutomationLab.AccessNAL" name="openNVN" time="1.714"/>
  <testcase classname="NaveenAutomationLab.AccessNAL" name="NVNSearchType" time="0.108"/>
</testsuite> <!-- NaveenAutomationLab.AccessNAL -->
