<?xml version="1.0" encoding="UTF-8"?>
<!-- Generated by org.testng.reporters.JUnitReportReporter -->
<testsuite hostname="Aman" failures="0" tests="2" name="GoogleTests.AccessGoogle" time="3.013" errors="0" timestamp="2024-02-09T16:20:46 IST" skipped="0">
  <testcase classname="GoogleTests.AccessGoogle" name="openGoogle" time="2.975"/>
  <testcase classname="GoogleTests.AccessGoogle" name="searchType" time="0.038"/>
</testsuite> <!-- GoogleTests.AccessGoogle -->
